Logging training output to: htgnn_best.log
Model: HTGNN (Heterogeneous GNN encoder + GRU over snapshots)
Snapshots: 370, Sequences: 363
Split -> train: 254, val: 54, split-test: 55
Device: cuda
Label distribution -> train attack=0 normal=254, val attack=0 normal=54
[WARN] Train sequence labels are single-class. Use --decision_mode train_quantile (or auto) for anomaly-style thresholding.
Epoch 001 | train_loss 0.0298 train_f1 0.0000 train_auprc nan train_device_f1 0.0000 | val_loss 0.0010 val_f1 0.0000 val_auprc nan val_device_f1 0.0000 val_auc nan
Epoch 002 | train_loss 0.0006 train_f1 0.0000 train_auprc nan train_device_f1 0.0000 | val_loss 0.0004 val_f1 0.0000 val_auprc nan val_device_f1 0.0000 val_auc nan
Epoch 003 | train_loss 0.0003 train_f1 0.0000 train_auprc nan train_device_f1 0.0000 | val_loss 0.0002 val_f1 0.0000 val_auprc nan val_device_f1 0.0000 val_auc nan
Epoch 004 | train_loss 0.0002 train_f1 0.0000 train_auprc nan train_device_f1 0.0000 | val_loss 0.0001 val_f1 0.0000 val_auprc nan val_device_f1 0.0000 val_auc nan
Epoch 005 | train_loss 0.0001 train_f1 0.0000 train_auprc nan train_device_f1 0.0000 | val_loss 0.0001 val_f1 0.0000 val_auprc nan val_device_f1 0.0000 val_auc nan
Epoch 006 | train_loss 0.0001 train_f1 0.0000 train_auprc nan train_device_f1 0.0000 | val_loss 0.0001 val_f1 0.0000 val_auprc nan val_device_f1 0.0000 val_auc nan
Epoch 007 | train_loss 0.0001 train_f1 0.0000 train_auprc nan train_device_f1 0.0000 | val_loss 0.0001 val_f1 0.0000 val_auprc nan val_device_f1 0.0000 val_auc nan
Epoch 008 | train_loss 0.0001 train_f1 0.0000 train_auprc nan train_device_f1 0.0000 | val_loss 0.0000 val_f1 0.0000 val_auprc nan val_device_f1 0.0000 val_auc nan
Epoch 009 | train_loss 0.0000 train_f1 0.0000 train_auprc nan train_device_f1 0.0000 | val_loss 0.0000 val_f1 0.0000 val_auprc nan val_device_f1 0.0000 val_auc nan
Epoch 010 | train_loss 0.0000 train_f1 0.0000 train_auprc nan train_device_f1 0.0000 | val_loss 0.0000 val_f1 0.0000 val_auprc nan val_device_f1 0.0000 val_auc nan
Epoch 011 | train_loss 0.0000 train_f1 0.0000 train_auprc nan train_device_f1 0.0000 | val_loss 0.0000 val_f1 0.0000 val_auprc nan val_device_f1 0.0000 val_auc nan
Early stopping at epoch 11 (patience=10)
Saved best model to: htgnn_best.pt
Test metrics (external-test (/data/spz/AHGA/temporal_snapshots_test)):
  loss=3.3473 | acc=0.7580 | precision=0.0000 | recall=0.0000 | f1=0.0000 | auc=0.6345 | auprc=0.5974 | device_f1=0.0000 | device_auc=0.5893
Thresholded test metrics: decision_mode=auto | threshold=0.000022 | acc=0.6064 | precision=0.3219 | recall=0.5663 | f1=0.4105 | auc=0.6345 | auprc=0.5974 | tn=161 | fp=99 | fn=36 | tp=47
Logging training output to: htgnn_best.log
Model: HTGNN (Heterogeneous GNN encoder + GRU over snapshots)
Snapshots: 370, Sequences: 363
Split -> train: 254, val: 54, split-test: 55
Device: cuda
Label distribution -> train attack=0 normal=254, val attack=0 normal=54
[WARN] Train sequence labels are single-class. Use --decision_mode train_quantile (or auto) for anomaly-style thresholding.
Epoch 001 | train_loss 0.0298 train_f1 0.0000 train_auprc nan train_device_f1 0.0000 | val_loss 0.0010 val_f1 0.0000 val_auprc nan val_device_f1 0.0000 val_auc nan
Epoch 002 | train_loss 0.0006 train_f1 0.0000 train_auprc nan train_device_f1 0.0000 | val_loss 0.0004 val_f1 0.0000 val_auprc nan val_device_f1 0.0000 val_auc nan
Epoch 003 | train_loss 0.0003 train_f1 0.0000 train_auprc nan train_device_f1 0.0000 | val_loss 0.0002 val_f1 0.0000 val_auprc nan val_device_f1 0.0000 val_auc nan
Epoch 004 | train_loss 0.0002 train_f1 0.0000 train_auprc nan train_device_f1 0.0000 | val_loss 0.0001 val_f1 0.0000 val_auprc nan val_device_f1 0.0000 val_auc nan
Epoch 005 | train_loss 0.0001 train_f1 0.0000 train_auprc nan train_device_f1 0.0000 | val_loss 0.0001 val_f1 0.0000 val_auprc nan val_device_f1 0.0000 val_auc nan
Epoch 006 | train_loss 0.0001 train_f1 0.0000 train_auprc nan train_device_f1 0.0000 | val_loss 0.0001 val_f1 0.0000 val_auprc nan val_device_f1 0.0000 val_auc nan
Epoch 007 | train_loss 0.0001 train_f1 0.0000 train_auprc nan train_device_f1 0.0000 | val_loss 0.0001 val_f1 0.0000 val_auprc nan val_device_f1 0.0000 val_auc nan
Epoch 008 | train_loss 0.0001 train_f1 0.0000 train_auprc nan train_device_f1 0.0000 | val_loss 0.0000 val_f1 0.0000 val_auprc nan val_device_f1 0.0000 val_auc nan
Epoch 009 | train_loss 0.0000 train_f1 0.0000 train_auprc nan train_device_f1 0.0000 | val_loss 0.0000 val_f1 0.0000 val_auprc nan val_device_f1 0.0000 val_auc nan
Epoch 010 | train_loss 0.0000 train_f1 0.0000 train_auprc nan train_device_f1 0.0000 | val_loss 0.0000 val_f1 0.0000 val_auprc nan val_device_f1 0.0000 val_auc nan
Epoch 011 | train_loss 0.0000 train_f1 0.0000 train_auprc nan train_device_f1 0.0000 | val_loss 0.0000 val_f1 0.0000 val_auprc nan val_device_f1 0.0000 val_auc nan
Early stopping at epoch 11 (patience=10)
Saved best model to: htgnn_best.pt
Test metrics (external-test (/data/spz/AHGA/temporal_snapshots_test)):
  loss=3.3473 | acc=0.7580 | precision=0.0000 | recall=0.0000 | f1=0.0000 | auc=0.6345 | auprc=0.5974 | device_f1=0.0000 | device_auc=0.5893
Thresholded test metrics: decision_mode=auto | threshold=0.000022 | acc=0.6064 | precision=0.3219 | recall=0.5663 | f1=0.4105 | auc=0.6345 | auprc=0.5974 | tn=161 | fp=99 | fn=36 | tp=47
Logging training output to: htgnn_best.log
Model backend: official_htgnn_core
Task mode: anomaly_cls
Architecture: Official-style RelationAgg + TemporalAgg core
Snapshots: 370, Sequences: 363
Split -> train: 254, val: 54, split-test: 55
Device: cuda
Label distribution -> train attack=0 normal=254, val attack=0 normal=54
[WARN] Train sequence labels are single-class. Use --decision_mode train_quantile (or auto) for anomaly-style thresholding.
Epoch 001 | train_loss 0.0369 train_f1 0.0000 train_auprc nan train_device_f1 0.0000 | val_loss 0.0001 val_f1 0.0000 val_auprc nan val_device_f1 0.0000 val_auc nan
Epoch 002 | train_loss 0.0001 train_f1 0.0000 train_auprc nan train_device_f1 0.0000 | val_loss 0.0000 val_f1 0.0000 val_auprc nan val_device_f1 0.0000 val_auc nan
Epoch 003 | train_loss 0.0000 train_f1 0.0000 train_auprc nan train_device_f1 0.0000 | val_loss 0.0000 val_f1 0.0000 val_auprc nan val_device_f1 0.0000 val_auc nan
Epoch 004 | train_loss 0.0000 train_f1 0.0000 train_auprc nan train_device_f1 0.0000 | val_loss 0.0000 val_f1 0.0000 val_auprc nan val_device_f1 0.0000 val_auc nan
Epoch 005 | train_loss 0.0000 train_f1 0.0000 train_auprc nan train_device_f1 0.0000 | val_loss 0.0000 val_f1 0.0000 val_auprc nan val_device_f1 0.0000 val_auc nan
Epoch 006 | train_loss 0.0000 train_f1 0.0000 train_auprc nan train_device_f1 0.0000 | val_loss 0.0000 val_f1 0.0000 val_auprc nan val_device_f1 0.0000 val_auc nan
Epoch 007 | train_loss 0.0000 train_f1 0.0000 train_auprc nan train_device_f1 0.0000 | val_loss 0.0000 val_f1 0.0000 val_auprc nan val_device_f1 0.0000 val_auc nan
Epoch 008 | train_loss 0.0000 train_f1 0.0000 train_auprc nan train_device_f1 0.0000 | val_loss 0.0000 val_f1 0.0000 val_auprc nan val_device_f1 0.0000 val_auc nan
Epoch 009 | train_loss 0.0000 train_f1 0.0000 train_auprc nan train_device_f1 0.0000 | val_loss 0.0000 val_f1 0.0000 val_auprc nan val_device_f1 0.0000 val_auc nan
Epoch 010 | train_loss 0.0000 train_f1 0.0000 train_auprc nan train_device_f1 0.0000 | val_loss 0.0000 val_f1 0.0000 val_auprc nan val_device_f1 0.0000 val_auc nan
Epoch 011 | train_loss 0.0000 train_f1 0.0000 train_auprc nan train_device_f1 0.0000 | val_loss 0.0000 val_f1 0.0000 val_auprc nan val_device_f1 0.0000 val_auc nan
Early stopping at epoch 11 (patience=10)
Saved best model to: htgnn_best.pt
Test metrics (external-test (/data/spz/AHGA/temporal_snapshots_test)):
  loss=4.3541 | acc=0.7580 | precision=0.0000 | recall=0.0000 | f1=0.0000 | auc=0.6113 | auprc=0.5069 | device_f1=0.0000 | device_auc=0.5623
Thresholded test metrics: decision_mode=auto | threshold=0.000000 | acc=0.3848 | precision=0.2594 | recall=0.8313 | f1=0.3954 | auc=0.6113 | auprc=0.5069 | tn=63 | fp=197 | fn=14 | tp=69
